ISim log file
Running: D:\Digital-final-project\project\Main_isim_beh.exe -intstyle ise -gui -tclbatch isim.cmd -wdb D:/Digital-final-project/project/Main_isim_beh.wdb 
ISim P.20131013 (signature 0x7708f090)
This is a Full version of ISim.
Time resolution is 1 ps
# onerror resume
# wave add /
# run 1000 ns
Simulator is doing circuit initialization process.
Finished circuit initialization process.
# isim force add /Main/OSC 0 -radix bin -value 1 -radix bin -time 25 ms -repeat 50 ms
# isim force add /Main/Data 1 -radix bin
# isim force add /Main/Data 1 -radix bin
# isim force add /Main/OSC 0 -radix bin -value 1 -radix bin -time 5 ns -repeat 10 ns
# isim force add /Main/OSC 0 -radix bin -value 1 -radix bin -time 5 ns -repeat 10 ns
# run
# cls
# run
ISim P.20131013 (signature 0x7708f090)
This is a Full version of ISim.
# run 1000 ns
Simulator is doing circuit initialization process.
Finished circuit initialization process.
# isim force add /Main/Data 1 -radix bin
# isim force add /Main/OSC 0 -radix bin -value 1 -radix bin -time 500 ps -repeat 1 ns
# run 10ms
